#
# A fatal error has been detected by the Java Runtime Environment:
#
#  SIGSEGV (0xb) at pc=0xffffffffffffffff, pid=37836, tid=0x0000000000009103
#
# JRE version: Java(TM) SE Runtime Environment (8.0_231-b11) (build 1.8.0_231-b11)
# Java VM: Java HotSpot(TM) 64-Bit Server VM (25.231-b11 mixed mode bsd-amd64 compressed oops)
# Problematic frame:
# C  0xffffffffffffffff
#
# Failed to write core dump. Core dumps have been disabled. To enable core dumping, try "ulimit -c unlimited" before starting Java again
#
# If you would like to submit a bug report, please visit:
#   http://bugreport.java.com/bugreport/crash.jsp
# The crash happened outside the Java Virtual Machine in native code.
# See problematic frame for where to report the bug.
#

---------------  T H R E A D  ---------------

Current thread (0x00007fb74ebda800):  JavaThread "qtp1788408659-37" [_thread_in_native, id=37123, stack(0x0000700003fec000,0x00007000040ec000)]

siginfo: si_signo: 11 (SIGSEGV), si_code: 1 (SEGV_MAPERR), si_addr: 0xffffffffffffffff

Registers:
RAX=0x00007000040ea000, RBX=0x00007fb77893b930, RCX=0x0000000000000000, RDX=0x00007fb7d0023b80
RSP=0x00007000040e9ff8, RBP=0x00007000040ea080, RSI=0x00007fb7d0020002, RDI=0x00007000040ea040
R8 =0x0000000000281434, R9 =0xffffffff00000000, R10=0x000000010ecc7147, R11=0x00000001078e96e3
R12=0x0000000000000000, R13=0x000000012ed36190, R14=0x00007fb7d0023220, R15=0x0000000000000000
RIP=0xffffffffffffffff, EFLAGS=0x0000000000010206, ERR=0x0000000000000014
  TRAPNO=0x000000000000000e

Top of Stack: (sp=0x00007000040e9ff8)
0x00007000040e9ff8:   000000012efa8397 0000000000000000
0x00007000040ea008:   0000000000000001 0000000000000000
0x00007000040ea018:   0000000000000000 0000000000000000
0x00007000040ea028:   00007fb7d0026ef8 0000000000000000
0x00007000040ea038:   00007fb74ebda800 00007000040ea000
0x00007000040ea048:   00007fb7d0020002 00007fb77893b930
0x00007000040ea058:   0000000000000000 0000000000000000
0x00007000040ea068:   0000000000000000 0000000000000000
0x00007000040ea078:   00007fb77893b930 00007000040ea0a0
0x00007000040ea088:   000000012efa831e 0000000000000000
0x00007000040ea098:   0000000000000007 00007000040ea0c0
0x00007000040ea0a8:   000000012f007db9 00007fb7d0023b80
0x00007000040ea0b8:   00007fb7d0023220 00007000040ea0f0
0x00007000040ea0c8:   000000012ef46a6e 000000012ef3e15d
0x00007000040ea0d8:   000000012ed36190 00007000040ea1a0
0x00007000040ea0e8:   00007fb74ebda800 00007000040ea170
0x00007000040ea0f8:   000000010ecc7173 00007000040ea170
0x00007000040ea108:   000000010ecc6ef6 00007000040ea180
0x00007000040ea118:   000000010ecc6ec2 0000000000000003
0x00007000040ea128:   0000000719784358 00007000040ea120
0x00007000040ea138:   000000012ed36190 00007000040ea1a0
0x00007000040ea148:   000000012ed5e4a8 0000000000000000
0x00007000040ea158:   000000012ed36190 0000000000000000
0x00007000040ea168:   00007000040ea190 00007000040ea1e8
0x00007000040ea178:   000000010ecb5d00 0000000000000000
0x00007000040ea188:   000000010ecbfd16 00007fb7d0023b80
0x00007000040ea198:   000000010ecb6040 0000000719784358
0x00007000040ea1a8:   00007000040ea1a8 000000012ed9041f
0x00007000040ea1b8:   00007000040ea208 000000012ed944a8
0x00007000040ea1c8:   0000000000000000 000000012ed904b8
0x00007000040ea1d8:   00007000040ea190 00007000040ea208
0x00007000040ea1e8:   00007000040ea250 000000010ecb6114 

Instructions: (pc=0xffffffffffffffff)
0xffffffffffffffdf:   

Register to memory mapping:

RAX=0x00007000040ea000 is pointing into the stack for thread: 0x00007fb74ebda800
RBX=0x00007fb77893b930 is an unknown value
RCX=0x0000000000000000 is an unknown value
RDX=0x00007fb7d0023b80 is an unknown value
RSP=0x00007000040e9ff8 is pointing into the stack for thread: 0x00007fb74ebda800
RBP=0x00007000040ea080 is pointing into the stack for thread: 0x00007fb74ebda800
RSI=0x00007fb7d0020002 is an unknown value
RDI=0x00007000040ea040 is pointing into the stack for thread: 0x00007fb74ebda800
R8 =0x0000000000281434 is an unknown value
R9 =0xffffffff00000000 is an unknown value
R10=0x000000010ecc7147 is at code_begin+1255 in an Interpreter codelet
method entry point (kind = native_synchronized)  [0x000000010ecc6c60, 0x000000010ecc7760]  2816 bytes
R11=0x00000001078e96e3: throw_unsatisfied_link_error+0 in /Library/Java/JavaVirtualMachines/jdk1.8.0_231.jdk/Contents/Home/jre/lib/server/libjvm.dylib at 0x0000000107400000
R12=0x0000000000000000 is an unknown value
R13={method} {0x000000012ed36190} 'reset' '(J)I' in 'org/sqlite/core/NativeDB'
R14=0x00007fb7d0023220 is an unknown value
R15=0x0000000000000000 is an unknown value


Stack: [0x0000700003fec000,0x00007000040ec000],  sp=0x00007000040e9ff8,  free space=1015k
Native frames: (J=compiled Java code, j=interpreted, Vv=VM code, C=native code)
C  0xffffffffffffffff
C  [sqlite-3.32.3-f5fa9c07-6e60-47ed-9851-f9a9349b14b8-libsqlitejdbc.jnilib+0x6c31e]  Java_org_sqlite_core_NativeDB_set_1commit_1listener+0x68d5f
C  [sqlite-3.32.3-f5fa9c07-6e60-47ed-9851-f9a9349b14b8-libsqlitejdbc.jnilib+0xcbdb9]  Java_org_sqlite_core_NativeDB_set_1commit_1listener+0xc87fa
C  [sqlite-3.32.3-f5fa9c07-6e60-47ed-9851-f9a9349b14b8-libsqlitejdbc.jnilib+0xaa6e]  Java_org_sqlite_core_NativeDB_set_1commit_1listener+0x74af
j  org.sqlite.core.NativeDB.reset(J)I+0
j  org.sqlite.jdbc3.JDBC3PreparedStatement.executeQuery()Ljava/sql/ResultSet;+39
j  csci310.servlets.AddStock.getCompanyId(Ljava/lang/String;Ljava/lang/String;Ljava/lang/String;)I+47
j  csci310.servlets.AddStock.doGet(Ljavax/servlet/http/HttpServletRequest;Ljavax/servlet/http/HttpServletResponse;)V+271
j  javax.servlet.http.HttpServlet.service(Ljavax/servlet/http/HttpServletRequest;Ljavax/servlet/http/HttpServletResponse;)V+35
j  javax.servlet.http.HttpServlet.service(Ljavax/servlet/ServletRequest;Ljavax/servlet/ServletResponse;)V+39
j  org.eclipse.jetty.servlet.ServletHolder$NotAsyncServlet.service(Ljavax/servlet/ServletRequest;Ljavax/servlet/ServletResponse;)V+29
j  org.eclipse.jetty.servlet.ServletHolder.handle(Lorg/eclipse/jetty/server/Request;Ljavax/servlet/ServletRequest;Ljavax/servlet/ServletResponse;)V+25
j  org.eclipse.jetty.servlet.ServletHandler$CachedChain.doFilter(Ljavax/servlet/ServletRequest;Ljavax/servlet/ServletResponse;)V+214
j  org.eclipse.jetty.websocket.server.WebSocketUpgradeFilter.doFilter(Ljavax/servlet/ServletRequest;Ljavax/servlet/ServletResponse;Ljavax/servlet/FilterChain;)V+117
j  org.eclipse.jetty.servlet.ServletHandler$CachedChain.doFilter(Ljavax/servlet/ServletRequest;Ljavax/servlet/ServletResponse;)V+126
j  org.eclipse.jetty.servlet.ServletHandler.doHandle(Ljava/lang/String;Lorg/eclipse/jetty/server/Request;Ljavax/servlet/http/HttpServletRequest;Ljavax/servlet/http/HttpServletResponse;)V+194
j  org.eclipse.jetty.server.handler.ScopedHandler.handle(Ljava/lang/String;Lorg/eclipse/jetty/server/Request;Ljavax/servlet/http/HttpServletRequest;Ljavax/servlet/http/HttpServletResponse;)V+32
j  org.eclipse.jetty.security.SecurityHandler.handle(Ljava/lang/String;Lorg/eclipse/jetty/server/Request;Ljavax/servlet/http/HttpServletRequest;Ljavax/servlet/http/HttpServletResponse;)V+553
j  org.eclipse.jetty.server.handler.HandlerWrapper.handle(Ljava/lang/String;Lorg/eclipse/jetty/server/Request;Ljavax/servlet/http/HttpServletRequest;Ljavax/servlet/http/HttpServletResponse;)V+18
j  org.eclipse.jetty.server.handler.ScopedHandler.nextHandle(Ljava/lang/String;Lorg/eclipse/jetty/server/Request;Ljavax/servlet/http/HttpServletRequest;Ljavax/servlet/http/HttpServletResponse;)V+46
j  org.eclipse.jetty.server.session.SessionHandler.doHandle(Ljava/lang/String;Lorg/eclipse/jetty/server/Request;Ljavax/servlet/http/HttpServletRequest;Ljavax/servlet/http/HttpServletResponse;)V+6
j  org.eclipse.jetty.server.handler.ScopedHandler.nextHandle(Ljava/lang/String;Lorg/eclipse/jetty/server/Request;Ljavax/servlet/http/HttpServletRequest;Ljavax/servlet/http/HttpServletResponse;)V+27
j  org.eclipse.jetty.server.handler.ContextHandler.doHandle(Ljava/lang/String;Lorg/eclipse/jetty/server/Request;Ljavax/servlet/http/HttpServletRequest;Ljavax/servlet/http/HttpServletResponse;)V+72
j  org.eclipse.jetty.server.handler.ScopedHandler.nextScope(Ljava/lang/String;Lorg/eclipse/jetty/server/Request;Ljavax/servlet/http/HttpServletRequest;Ljavax/servlet/http/HttpServletResponse;)V+38
j  org.eclipse.jetty.servlet.ServletHandler.doScope(Ljava/lang/String;Lorg/eclipse/jetty/server/Request;Ljavax/servlet/http/HttpServletRequest;Ljavax/servlet/http/HttpServletResponse;)V+192
j  org.eclipse.jetty.server.session.SessionHandler.doScope(Ljava/lang/String;Lorg/eclipse/jetty/server/Request;Ljavax/servlet/http/HttpServletRequest;Ljavax/servlet/http/HttpServletResponse;)V+309
j  org.eclipse.jetty.server.handler.ScopedHandler.nextScope(Ljava/lang/String;Lorg/eclipse/jetty/server/Request;Ljavax/servlet/http/HttpServletRequest;Ljavax/servlet/http/HttpServletResponse;)V+16
j  org.eclipse.jetty.server.handler.ContextHandler.doScope(Ljava/lang/String;Lorg/eclipse/jetty/server/Request;Ljavax/servlet/http/HttpServletRequest;Ljavax/servlet/http/HttpServletResponse;)V+382
j  org.eclipse.jetty.server.handler.ScopedHandler.handle(Ljava/lang/String;Lorg/eclipse/jetty/server/Request;Ljavax/servlet/http/HttpServletRequest;Ljavax/servlet/http/HttpServletResponse;)V+20
j  org.eclipse.jetty.server.handler.ContextHandlerCollection.handle(Ljava/lang/String;Lorg/eclipse/jetty/server/Request;Ljavax/servlet/http/HttpServletRequest;Ljavax/servlet/http/HttpServletResponse;)V+53
j  org.eclipse.jetty.server.handler.HandlerCollection.handle(Ljava/lang/String;Lorg/eclipse/jetty/server/Request;Ljavax/servlet/http/HttpServletRequest;Ljavax/servlet/http/HttpServletResponse;)V+64
j  org.eclipse.jetty.server.handler.HandlerWrapper.handle(Ljava/lang/String;Lorg/eclipse/jetty/server/Request;Ljavax/servlet/http/HttpServletRequest;Ljavax/servlet/http/HttpServletResponse;)V+18
j  org.eclipse.jetty.server.Server.handle(Lorg/eclipse/jetty/server/HttpChannel;)V+149
j  org.eclipse.jetty.server.HttpChannel.lambda$handle$1()V+69
j  org.eclipse.jetty.server.HttpChannel$$Lambda$134.dispatch()V+4
j  org.eclipse.jetty.server.HttpChannel.dispatch(Ljavax/servlet/DispatcherType;Lorg/eclipse/jetty/server/HttpChannel$Dispatchable;)V+37
j  org.eclipse.jetty.server.HttpChannel.handle()Z+220
j  org.eclipse.jetty.server.HttpConnection.onFillable()V+137
j  org.eclipse.jetty.io.AbstractConnection$ReadCallback.succeeded()V+4
j  org.eclipse.jetty.io.FillInterest.fillable()Z+57
j  org.eclipse.jetty.io.ssl.SslConnection$DecryptedEndPoint.onFillable()V+86
j  org.eclipse.jetty.io.ssl.SslConnection.onFillable()V+50
j  org.eclipse.jetty.io.ssl.SslConnection$2.succeeded()V+4
j  org.eclipse.jetty.io.FillInterest.fillable()Z+57
j  org.eclipse.jetty.io.ChannelEndPoint$1.run()V+7
j  org.eclipse.jetty.util.thread.strategy.EatWhatYouKill.runTask(Ljava/lang/Runnable;)V+1
j  org.eclipse.jetty.util.thread.strategy.EatWhatYouKill.doProduce(Z)Z+507
j  org.eclipse.jetty.util.thread.strategy.EatWhatYouKill.tryProduce(Z)V+134
j  org.eclipse.jetty.util.thread.strategy.EatWhatYouKill.run()V+2
j  org.eclipse.jetty.util.thread.ReservedThreadExecutor$ReservedThread.run()V+205
j  org.eclipse.jetty.util.thread.QueuedThreadPool.runJob(Ljava/lang/Runnable;)V+1
j  org.eclipse.jetty.util.thread.QueuedThreadPool$Runner.run()V+279
j  java.lang.Thread.run()V+11
v  ~StubRoutines::call_stub
V  [libjvm.dylib+0x2f0792]  JavaCalls::call_helper(JavaValue*, methodHandle*, JavaCallArguments*, Thread*)+0x6ae
V  [libjvm.dylib+0x2f0f36]  JavaCalls::call_virtual(JavaValue*, KlassHandle, Symbol*, Symbol*, JavaCallArguments*, Thread*)+0x164
V  [libjvm.dylib+0x2f10e2]  JavaCalls::call_virtual(JavaValue*, Handle, KlassHandle, Symbol*, Symbol*, Thread*)+0x4a
V  [libjvm.dylib+0x34b9d1]  thread_entry(JavaThread*, Thread*)+0x7c
V  [libjvm.dylib+0x571817]  JavaThread::thread_main_inner()+0x9b
V  [libjvm.dylib+0x572f12]  JavaThread::run()+0x1c2
V  [libjvm.dylib+0x48f0fa]  java_start(Thread*)+0xf6
C  [libsystem_pthread.dylib+0x6109]  _pthread_start+0x94
C  [libsystem_pthread.dylib+0x1b8b]  thread_start+0xf
C  0x0000000000000000

Java frames: (J=compiled Java code, j=interpreted, Vv=VM code)
j  org.sqlite.core.NativeDB.reset(J)I+0
j  org.sqlite.jdbc3.JDBC3PreparedStatement.executeQuery()Ljava/sql/ResultSet;+39
j  csci310.servlets.AddStock.getCompanyId(Ljava/lang/String;Ljava/lang/String;Ljava/lang/String;)I+47
j  csci310.servlets.AddStock.doGet(Ljavax/servlet/http/HttpServletRequest;Ljavax/servlet/http/HttpServletResponse;)V+271
j  javax.servlet.http.HttpServlet.service(Ljavax/servlet/http/HttpServletRequest;Ljavax/servlet/http/HttpServletResponse;)V+35
j  javax.servlet.http.HttpServlet.service(Ljavax/servlet/ServletRequest;Ljavax/servlet/ServletResponse;)V+39
j  org.eclipse.jetty.servlet.ServletHolder$NotAsyncServlet.service(Ljavax/servlet/ServletRequest;Ljavax/servlet/ServletResponse;)V+29
j  org.eclipse.jetty.servlet.ServletHolder.handle(Lorg/eclipse/jetty/server/Request;Ljavax/servlet/ServletRequest;Ljavax/servlet/ServletResponse;)V+25
j  org.eclipse.jetty.servlet.ServletHandler$CachedChain.doFilter(Ljavax/servlet/ServletRequest;Ljavax/servlet/ServletResponse;)V+214
j  org.eclipse.jetty.websocket.server.WebSocketUpgradeFilter.doFilter(Ljavax/servlet/ServletRequest;Ljavax/servlet/ServletResponse;Ljavax/servlet/FilterChain;)V+117
j  org.eclipse.jetty.servlet.ServletHandler$CachedChain.doFilter(Ljavax/servlet/ServletRequest;Ljavax/servlet/ServletResponse;)V+126
j  org.eclipse.jetty.servlet.ServletHandler.doHandle(Ljava/lang/String;Lorg/eclipse/jetty/server/Request;Ljavax/servlet/http/HttpServletRequest;Ljavax/servlet/http/HttpServletResponse;)V+194
j  org.eclipse.jetty.server.handler.ScopedHandler.handle(Ljava/lang/String;Lorg/eclipse/jetty/server/Request;Ljavax/servlet/http/HttpServletRequest;Ljavax/servlet/http/HttpServletResponse;)V+32
j  org.eclipse.jetty.security.SecurityHandler.handle(Ljava/lang/String;Lorg/eclipse/jetty/server/Request;Ljavax/servlet/http/HttpServletRequest;Ljavax/servlet/http/HttpServletResponse;)V+553
j  org.eclipse.jetty.server.handler.HandlerWrapper.handle(Ljava/lang/String;Lorg/eclipse/jetty/server/Request;Ljavax/servlet/http/HttpServletRequest;Ljavax/servlet/http/HttpServletResponse;)V+18
j  org.eclipse.jetty.server.handler.ScopedHandler.nextHandle(Ljava/lang/String;Lorg/eclipse/jetty/server/Request;Ljavax/servlet/http/HttpServletRequest;Ljavax/servlet/http/HttpServletResponse;)V+46
j  org.eclipse.jetty.server.session.SessionHandler.doHandle(Ljava/lang/String;Lorg/eclipse/jetty/server/Request;Ljavax/servlet/http/HttpServletRequest;Ljavax/servlet/http/HttpServletResponse;)V+6
j  org.eclipse.jetty.server.handler.ScopedHandler.nextHandle(Ljava/lang/String;Lorg/eclipse/jetty/server/Request;Ljavax/servlet/http/HttpServletRequest;Ljavax/servlet/http/HttpServletResponse;)V+27
j  org.eclipse.jetty.server.handler.ContextHandler.doHandle(Ljava/lang/String;Lorg/eclipse/jetty/server/Request;Ljavax/servlet/http/HttpServletRequest;Ljavax/servlet/http/HttpServletResponse;)V+72
j  org.eclipse.jetty.server.handler.ScopedHandler.nextScope(Ljava/lang/String;Lorg/eclipse/jetty/server/Request;Ljavax/servlet/http/HttpServletRequest;Ljavax/servlet/http/HttpServletResponse;)V+38
j  org.eclipse.jetty.servlet.ServletHandler.doScope(Ljava/lang/String;Lorg/eclipse/jetty/server/Request;Ljavax/servlet/http/HttpServletRequest;Ljavax/servlet/http/HttpServletResponse;)V+192
j  org.eclipse.jetty.server.session.SessionHandler.doScope(Ljava/lang/String;Lorg/eclipse/jetty/server/Request;Ljavax/servlet/http/HttpServletRequest;Ljavax/servlet/http/HttpServletResponse;)V+309
j  org.eclipse.jetty.server.handler.ScopedHandler.nextScope(Ljava/lang/String;Lorg/eclipse/jetty/server/Request;Ljavax/servlet/http/HttpServletRequest;Ljavax/servlet/http/HttpServletResponse;)V+16
j  org.eclipse.jetty.server.handler.ContextHandler.doScope(Ljava/lang/String;Lorg/eclipse/jetty/server/Request;Ljavax/servlet/http/HttpServletRequest;Ljavax/servlet/http/HttpServletResponse;)V+382
j  org.eclipse.jetty.server.handler.ScopedHandler.handle(Ljava/lang/String;Lorg/eclipse/jetty/server/Request;Ljavax/servlet/http/HttpServletRequest;Ljavax/servlet/http/HttpServletResponse;)V+20
j  org.eclipse.jetty.server.handler.ContextHandlerCollection.handle(Ljava/lang/String;Lorg/eclipse/jetty/server/Request;Ljavax/servlet/http/HttpServletRequest;Ljavax/servlet/http/HttpServletResponse;)V+53
j  org.eclipse.jetty.server.handler.HandlerCollection.handle(Ljava/lang/String;Lorg/eclipse/jetty/server/Request;Ljavax/servlet/http/HttpServletRequest;Ljavax/servlet/http/HttpServletResponse;)V+64
j  org.eclipse.jetty.server.handler.HandlerWrapper.handle(Ljava/lang/String;Lorg/eclipse/jetty/server/Request;Ljavax/servlet/http/HttpServletRequest;Ljavax/servlet/http/HttpServletResponse;)V+18
j  org.eclipse.jetty.server.Server.handle(Lorg/eclipse/jetty/server/HttpChannel;)V+149
j  org.eclipse.jetty.server.HttpChannel.lambda$handle$1()V+69
j  org.eclipse.jetty.server.HttpChannel$$Lambda$134.dispatch()V+4
j  org.eclipse.jetty.server.HttpChannel.dispatch(Ljavax/servlet/DispatcherType;Lorg/eclipse/jetty/server/HttpChannel$Dispatchable;)V+37
j  org.eclipse.jetty.server.HttpChannel.handle()Z+220
j  org.eclipse.jetty.server.HttpConnection.onFillable()V+137
j  org.eclipse.jetty.io.AbstractConnection$ReadCallback.succeeded()V+4
j  org.eclipse.jetty.io.FillInterest.fillable()Z+57
j  org.eclipse.jetty.io.ssl.SslConnection$DecryptedEndPoint.onFillable()V+86
j  org.eclipse.jetty.io.ssl.SslConnection.onFillable()V+50
j  org.eclipse.jetty.io.ssl.SslConnection$2.succeeded()V+4
j  org.eclipse.jetty.io.FillInterest.fillable()Z+57
j  org.eclipse.jetty.io.ChannelEndPoint$1.run()V+7
j  org.eclipse.jetty.util.thread.strategy.EatWhatYouKill.runTask(Ljava/lang/Runnable;)V+1
j  org.eclipse.jetty.util.thread.strategy.EatWhatYouKill.doProduce(Z)Z+507
j  org.eclipse.jetty.util.thread.strategy.EatWhatYouKill.tryProduce(Z)V+134
j  org.eclipse.jetty.util.thread.strategy.EatWhatYouKill.run()V+2
j  org.eclipse.jetty.util.thread.ReservedThreadExecutor$ReservedThread.run()V+205
j  org.eclipse.jetty.util.thread.QueuedThreadPool.runJob(Ljava/lang/Runnable;)V+1
j  org.eclipse.jetty.util.thread.QueuedThreadPool$Runner.run()V+279
j  java.lang.Thread.run()V+11
v  ~StubRoutines::call_stub

---------------  P R O C E S S  ---------------

Java Threads: ( => current thread )
  0x00007fb77e01e800 JavaThread "qtp1788408659-45" [_thread_blocked, id=28931, stack(0x00007000043f8000,0x00007000044f8000)]
  0x00007fb74d95d000 JavaThread "qtp1788408659-44" [_thread_blocked, id=35331, stack(0x00007000042f5000,0x00007000043f5000)]
  0x00007fb77e01e000 JavaThread "qtp1788408659-43" [_thread_blocked, id=41223, stack(0x0000700002fbc000,0x00007000030bc000)]
  0x00007fb79d89d000 JavaThread "qtp1788408659-42" [_thread_blocked, id=41479, stack(0x0000700002eb9000,0x0000700002fb9000)]
  0x00007fb7d834f800 JavaThread "Thread-23" daemon [_thread_blocked, id=36099, stack(0x00007000041f2000,0x00007000042f2000)]
  0x00007fb74fd28000 JavaThread "Session-Scheduler-37c1cfa-1" [_thread_blocked, id=36611, stack(0x00007000040ef000,0x00007000041ef000)]
=>0x00007fb74ebda800 JavaThread "qtp1788408659-37" [_thread_in_native, id=37123, stack(0x0000700003fec000,0x00007000040ec000)]
  0x00007fb778071800 JavaThread "qtp1788408659-36" [_thread_in_native, id=28419, stack(0x0000700003ee9000,0x0000700003fe9000)]
  0x00007fb7cfa41800 JavaThread "qtp1788408659-35" [_thread_in_native, id=37635, stack(0x0000700003de6000,0x0000700003ee6000)]
  0x00007fb74e02f000 JavaThread "qtp1788408659-34" [_thread_in_native, id=27651, stack(0x0000700003ce3000,0x0000700003de3000)]
  0x00007fb74e2cf000 JavaThread "Connector-Scheduler-183fc2fa-1" [_thread_blocked, id=37891, stack(0x0000700003be0000,0x0000700003ce0000)]
  0x00007fb74ec30000 JavaThread "qtp1788408659-32" [_thread_blocked, id=38403, stack(0x0000700003add000,0x0000700003bdd000)]
  0x00007fb74e2ca000 JavaThread "qtp1788408659-31" [_thread_in_native, id=18187, stack(0x00007000039da000,0x0000700003ada000)]
  0x00007fb74ecf7000 JavaThread "Scanner-0" daemon [_thread_blocked, id=38915, stack(0x00007000038d7000,0x00007000039d7000)]
  0x00007fb74ecf6800 JavaThread "qtp1788408659-29-acceptor-0@755f8862-ServerConnector@183fc2fa{SSL, (ssl, http/1.1)}{0.0.0.0:8080}" [_thread_in_native, id=39427, stack(0x00007000037d4000,0x00007000038d4000)]
  0x00007fb7780c6800 JavaThread "qtp1788408659-28" [_thread_in_native, id=26627, stack(0x00007000036d1000,0x00007000037d1000)]
  0x00007fb7cd96c000 JavaThread "Session-HouseKeeper-6682e6a5-1" [_thread_blocked, id=26115, stack(0x00007000035ce000,0x00007000036ce000)]
  0x00007fb79d86f000 JavaThread "qtp1788408659-26" [_thread_in_native, id=39939, stack(0x00007000034cb000,0x00007000035cb000)]
  0x00007fb7cff98000 JavaThread "qtp1788408659-25" [_thread_in_native, id=25859, stack(0x00007000033c8000,0x00007000034c8000)]
  0x00007fb77e036000 JavaThread "qtp1788408659-24" [_thread_in_native, id=25603, stack(0x00007000032c5000,0x00007000033c5000)]
  0x00007fb74e40e800 JavaThread "qtp1788408659-23" [_thread_in_native, id=40707, stack(0x00007000031c2000,0x00007000032c2000)]
  0x00007fb74ec0b000 JavaThread "qtp1788408659-22" [_thread_in_native, id=40963, stack(0x00007000030bf000,0x00007000031bf000)]
  0x00007fb78d8a9800 JavaThread "qtp1788408659-19" [_thread_in_native, id=24067, stack(0x0000700002db6000,0x0000700002eb6000)]
  0x00007fb78d8a8000 JavaThread "qtp1788408659-18" [_thread_in_native, id=41987, stack(0x0000700002cb3000,0x0000700002db3000)]
  0x00007fb74f8ed000 JavaThread "qtp1788408659-17" [_thread_in_native, id=23555, stack(0x0000700002bb0000,0x0000700002cb0000)]
  0x00007fb7780ba800 JavaThread "qtp1788408659-16" [_thread_in_native, id=23299, stack(0x0000700002aad000,0x0000700002bad000)]
  0x00007fb7780b9800 JavaThread "qtp1788408659-15-acceptor-0@54d5ea03-ServerConnector@3c81cd82{HTTP/1.1, (http/1.1)}{0.0.0.0:8081}" [_thread_in_native, id=22787, stack(0x00007000029aa000,0x0000700002aaa000)]
  0x00007fb7cfa2a800 JavaThread "Attach Listener" daemon [_thread_blocked, id=42499, stack(0x00007000028a7000,0x00007000029a7000)]
  0x00007fb7d8046000 JavaThread "Service Thread" daemon [_thread_blocked, id=43011, stack(0x00007000026a1000,0x00007000027a1000)]
  0x00007fb7cf829000 JavaThread "C1 CompilerThread3" daemon [_thread_blocked, id=21763, stack(0x000070000259e000,0x000070000269e000)]
  0x00007fb7d800a800 JavaThread "C2 CompilerThread2" daemon [_thread_blocked, id=16643, stack(0x000070000249b000,0x000070000259b000)]
  0x00007fb7cf828000 JavaThread "C2 CompilerThread1" daemon [_thread_blocked, id=17155, stack(0x0000700002398000,0x0000700002498000)]
  0x00007fb7cd838800 JavaThread "C2 CompilerThread0" daemon [_thread_blocked, id=15875, stack(0x0000700002295000,0x0000700002395000)]
  0x00007fb7ce025000 JavaThread "Monitor Ctrl-Break" daemon [_thread_in_native, id=15619, stack(0x0000700002192000,0x0000700002292000)]
  0x00007fb7cd833000 JavaThread "Signal Dispatcher" daemon [_thread_blocked, id=15107, stack(0x000070000208f000,0x000070000218f000)]
  0x00007fb7ad818000 JavaThread "Finalizer" daemon [_thread_blocked, id=19203, stack(0x0000700001e86000,0x0000700001f86000)]
  0x00007fb7ad815800 JavaThread "Reference Handler" daemon [_thread_blocked, id=19459, stack(0x0000700001d83000,0x0000700001e83000)]
  0x00007fb7d8009800 JavaThread "main" [_thread_blocked, id=3587, stack(0x000070000115f000,0x000070000125f000)]

Other Threads:
  0x00007fb7ad80e800 VMThread [stack: 0x0000700001c80000,0x0000700001d80000] [id=12547]
  0x00007fb7d8049000 WatcherThread [stack: 0x00007000027a4000,0x00007000028a4000] [id=22275]

VM state:not at safepoint (normal execution)

VM Mutex/Monitor currently owned by a thread: None

heap address: 0x00000005c0000000, size: 8192 MB, Compressed Oops mode: Zero based, Oop shift amount: 3
Narrow klass base: 0x0000000000000000, Narrow klass shift: 3
Compressed class space size: 1073741824 Address: 0x00000007c0000000

Heap:
 PSYoungGen      total 280064K, used 83406K [0x0000000715580000, 0x000000072aa80000, 0x00000007c0000000)
  eden space 263168K, 25% used [0x0000000715580000,0x00000007197d4cb8,0x0000000725680000)
  from space 16896K, 91% used [0x0000000729a00000,0x000000072a91ec58,0x000000072aa80000)
  to   space 43008K, 0% used [0x0000000725680000,0x0000000725680000,0x0000000728080000)
 ParOldGen       total 377344K, used 48528K [0x00000005c0000000, 0x00000005d7080000, 0x0000000715580000)
  object space 377344K, 12% used [0x00000005c0000000,0x00000005c2f643f0,0x00000005d7080000)
 Metaspace       used 48920K, capacity 50084K, committed 50304K, reserved 1093632K
  class space    used 5429K, capacity 5652K, committed 5760K, reserved 1048576K

Card table byte_map: [0x000000010877a000,0x000000010977b000] byte_map_base: 0x000000010597a000

Marking Bits: (ParMarkBitMap*) 0x0000000107cfceb0
 Begin Bits: [0x000000011dcae000, 0x0000000125cae000)
 End Bits:   [0x0000000125cae000, 0x000000012dcae000)

Polling page: 0x0000000105b66000

CodeCache: size=245760Kb used=22157Kb max_used=22169Kb free=223602Kb
 bounds [0x000000010ecae000, 0x000000011027e000, 0x000000011dcae000]
 total_blobs=7160 nmethods=6594 adapters=479
 compilation: enabled

Compilation events (10 events):
Event: 264.309 Thread 0x00007fb7d800a800 8073       4       java.lang.Double::toString (8 bytes)
Event: 264.314 Thread 0x00007fb7cd838800 nmethod 8071 0x000000010ef9edd0 code [0x000000010ef9ef60, 0x000000010ef9f338]
Event: 264.314 Thread 0x00007fb7cd838800 8074 %     4       java.lang.Integer::stringSize @ 2 (21 bytes)
Event: 264.315 Thread 0x00007fb7cf828000 nmethod 8072 0x0000000110269710 code [0x00000001102698a0, 0x0000000110269ef8]
Event: 264.315 Thread 0x00007fb7cd838800 nmethod 8074% 0x000000011026a610 code [0x000000011026a760, 0x000000011026a858]
Event: 264.318 Thread 0x00007fb7d800a800 nmethod 8073 0x000000011026aa90 code [0x000000011026ac60, 0x000000011026b3c8]
Event: 266.600 Thread 0x00007fb7cf828000 8075       4       java.lang.Integer::toString (48 bytes)
Event: 266.600 Thread 0x00007fb7cd838800 8076       4       java.lang.Integer::equals (29 bytes)
Event: 266.600 Thread 0x00007fb7cd838800 nmethod 8076 0x00000001101a0290 code [0x00000001101a03e0, 0x00000001101a0478]
Event: 266.612 Thread 0x00007fb7cf828000 nmethod 8075 0x000000011026cfd0 code [0x000000011026d160, 0x000000011026dbd8]

GC Heap History (10 events):
Event: 3.989 GC heap before
{Heap before GC invocations=4 (full 1):
 PSYoungGen      total 153088K, used 131584K [0x0000000715580000, 0x0000000720000000, 0x00000007c0000000)
  eden space 131584K, 100% used [0x0000000715580000,0x000000071d600000,0x000000071d600000)
  from space 21504K, 0% used [0x000000071eb00000,0x000000071eb00000,0x0000000720000000)
  to   space 21504K, 0% used [0x000000071d600000,0x000000071d600000,0x000000071eb00000)
 ParOldGen       total 236032K, used 14514K [0x00000005c0000000, 0x00000005ce680000, 0x0000000715580000)
  object space 236032K, 6% used [0x00000005c0000000,0x00000005c0e2cbc0,0x00000005ce680000)
 Metaspace       used 29546K, capacity 30184K, committed 30592K, reserved 1077248K
  class space    used 3422K, capacity 3619K, committed 3712K, reserved 1048576K
Event: 3.995 GC heap after
Heap after GC invocations=4 (full 1):
 PSYoungGen      total 153088K, used 16125K [0x0000000715580000, 0x0000000722680000, 0x00000007c0000000)
  eden space 131584K, 0% used [0x0000000715580000,0x0000000715580000,0x000000071d600000)
  from space 21504K, 74% used [0x000000071d600000,0x000000071e5bf508,0x000000071eb00000)
  to   space 21504K, 0% used [0x0000000721180000,0x0000000721180000,0x0000000722680000)
 ParOldGen       total 236032K, used 14586K [0x00000005c0000000, 0x00000005ce680000, 0x0000000715580000)
  object space 236032K, 6% used [0x00000005c0000000,0x00000005c0e3ebd0,0x00000005ce680000)
 Metaspace       used 29546K, capacity 30184K, committed 30592K, reserved 1077248K
  class space    used 3422K, capacity 3619K, committed 3712K, reserved 1048576K
}
Event: 4.208 GC heap before
{Heap before GC invocations=5 (full 1):
 PSYoungGen      total 153088K, used 147709K [0x0000000715580000, 0x0000000722680000, 0x00000007c0000000)
  eden space 131584K, 100% used [0x0000000715580000,0x000000071d600000,0x000000071d600000)
  from space 21504K, 74% used [0x000000071d600000,0x000000071e5bf508,0x000000071eb00000)
  to   space 21504K, 0% used [0x0000000721180000,0x0000000721180000,0x0000000722680000)
 ParOldGen       total 236032K, used 14595K [0x00000005c0000000, 0x00000005ce680000, 0x0000000715580000)
  object space 236032K, 6% used [0x00000005c0000000,0x00000005c0e40c78,0x00000005ce680000)
 Metaspace       used 31063K, capacity 31942K, committed 32128K, reserved 1077248K
  class space    used 3615K, capacity 3844K, committed 3968K, reserved 1048576K
Event: 4.227 GC heap after
Heap after GC invocations=5 (full 1):
 PSYoungGen      total 192512K, used 21487K [0x0000000715580000, 0x0000000725000000, 0x00000007c0000000)
  eden space 171008K, 0% used [0x0000000715580000,0x0000000715580000,0x000000071fc80000)
  from space 21504K, 99% used [0x0000000721180000,0x000000072267bff8,0x0000000722680000)
  to   space 21504K, 0% used [0x000000071fc80000,0x000000071fc80000,0x0000000721180000)
 ParOldGen       total 236032K, used 28360K [0x00000005c0000000, 0x00000005ce680000, 0x0000000715580000)
  object space 236032K, 12% used [0x00000005c0000000,0x00000005c1bb2260,0x00000005ce680000)
 Metaspace       used 31063K, capacity 31942K, committed 32128K, reserved 1077248K
  class space    used 3615K, capacity 3844K, committed 3968K, reserved 1048576K
}
Event: 4.581 GC heap before
{Heap before GC invocations=6 (full 1):
 PSYoungGen      total 192512K, used 170709K [0x0000000715580000, 0x0000000725000000, 0x00000007c0000000)
  eden space 171008K, 87% used [0x0000000715580000,0x000000071e739628,0x000000071fc80000)
  from space 21504K, 99% used [0x0000000721180000,0x000000072267bff8,0x0000000722680000)
  to   space 21504K, 0% used [0x000000071fc80000,0x000000071fc80000,0x0000000721180000)
 ParOldGen       total 236032K, used 28360K [0x00000005c0000000, 0x00000005ce680000, 0x0000000715580000)
  object space 236032K, 12% used [0x00000005c0000000,0x00000005c1bb2260,0x00000005ce680000)
 Metaspace       used 34373K, capacity 35388K, committed 35496K, reserved 1081344K
  class space    used 4054K, capacity 4313K, committed 4352K, reserved 1048576K
Event: 4.603 GC heap after
Heap after GC invocations=6 (full 1):
 PSYoungGen      total 192512K, used 21484K [0x0000000715580000, 0x000000072c500000, 0x00000007c0000000)
  eden space 171008K, 0% used [0x0000000715580000,0x0000000715580000,0x000000071fc80000)
  from space 21504K, 99% used [0x000000071fc80000,0x000000072117b120,0x0000000721180000)
  to   space 44032K, 0% used [0x0000000729a00000,0x0000000729a00000,0x000000072c500000)
 ParOldGen       total 236032K, used 47431K [0x00000005c0000000, 0x00000005ce680000, 0x0000000715580000)
  object space 236032K, 20% used [0x00000005c0000000,0x00000005c2e51ef8,0x00000005ce680000)
 Metaspace       used 34373K, capacity 35388K, committed 35496K, reserved 1081344K
  class space    used 4054K, capacity 4313K, committed 4352K, reserved 1048576K
}
Event: 4.603 GC heap before
{Heap before GC invocations=7 (full 2):
 PSYoungGen      total 192512K, used 21484K [0x0000000715580000, 0x000000072c500000, 0x00000007c0000000)
  eden space 171008K, 0% used [0x0000000715580000,0x0000000715580000,0x000000071fc80000)
  from space 21504K, 99% used [0x000000071fc80000,0x000000072117b120,0x0000000721180000)
  to   space 44032K, 0% used [0x0000000729a00000,0x0000000729a00000,0x000000072c500000)
 ParOldGen       total 236032K, used 47431K [0x00000005c0000000, 0x00000005ce680000, 0x0000000715580000)
  object space 236032K, 20% used [0x00000005c0000000,0x00000005c2e51ef8,0x00000005ce680000)
 Metaspace       used 34373K, capacity 35388K, committed 35496K, reserved 1081344K
  class space    used 4054K, capacity 4313K, committed 4352K, reserved 1048576K
Event: 4.656 GC heap after
Heap after GC invocations=7 (full 2):
 PSYoungGen      total 192512K, used 0K [0x0000000715580000, 0x000000072c500000, 0x00000007c0000000)
  eden space 171008K, 0% used [0x0000000715580000,0x0000000715580000,0x000000071fc80000)
  from space 21504K, 0% used [0x000000071fc80000,0x000000071fc80000,0x0000000721180000)
  to   space 44032K, 0% used [0x0000000729a00000,0x0000000729a00000,0x000000072c500000)
 ParOldGen       total 377344K, used 48472K [0x00000005c0000000, 0x00000005d7080000, 0x0000000715580000)
  object space 377344K, 12% used [0x00000005c0000000,0x00000005c2f56268,0x00000005d7080000)
 Metaspace       used 34255K, capacity 35066K, committed 35496K, reserved 1081344K
  class space    used 4010K, capacity 4236K, committed 4352K, reserved 1048576K
}
Event: 97.441 GC heap before
{Heap before GC invocations=8 (full 2):
 PSYoungGen      total 192512K, used 171008K [0x0000000715580000, 0x000000072c500000, 0x00000007c0000000)
  eden space 171008K, 100% used [0x0000000715580000,0x000000071fc80000,0x000000071fc80000)
  from space 21504K, 0% used [0x000000071fc80000,0x000000071fc80000,0x0000000721180000)
  to   space 44032K, 0% used [0x0000000729a00000,0x0000000729a00000,0x000000072c500000)
 ParOldGen       total 377344K, used 48512K [0x00000005c0000000, 0x00000005d7080000, 0x0000000715580000)
  object space 377344K, 12% used [0x00000005c0000000,0x00000005c2f603f0,0x00000005d7080000)
 Metaspace       used 48238K, capacity 49264K, committed 49536K, reserved 1093632K
  class space    used 5409K, capacity 5645K, committed 5760K, reserved 1048576K
Event: 97.451 GC heap after
Heap after GC invocations=8 (full 2):
 PSYoungGen      total 280064K, used 15483K [0x0000000715580000, 0x000000072aa80000, 0x00000007c0000000)
  eden space 263168K, 0% used [0x0000000715580000,0x0000000715580000,0x0000000725680000)
  from space 16896K, 91% used [0x0000000729a00000,0x000000072a91ec58,0x000000072aa80000)
  to   space 43008K, 0% used [0x0000000725680000,0x0000000725680000,0x0000000728080000)
 ParOldGen       total 377344K, used 48528K [0x00000005c0000000, 0x00000005d7080000, 0x0000000715580000)
  object space 377344K, 12% used [0x00000005c0000000,0x00000005c2f643f0,0x00000005d7080000)
 Metaspace       used 48238K, capacity 49264K, committed 49536K, reserved 1093632K
  class space    used 5409K, capacity 5645K, committed 5760K, reserved 1048576K
}

Deoptimization events (10 events):
Event: 230.953 Thread 0x00007fb7cfa41800 Uncommon trap: reason=unstable_if action=reinterpret pc=0x00000001101a2718 method=sun.misc.FloatingDecimal$ASCIIToBinaryBuffer.doubleValue()D @ 273
Event: 230.954 Thread 0x00007fb7cfa41800 Uncommon trap: reason=speculate_class_check action=maybe_recompile pc=0x000000010feae774 method=org.json.JSONObject.writeValue(Ljava/io/Writer;Ljava/lang/Object;II)Ljava/io/Writer; @ 247
Event: 230.954 Thread 0x00007fb7cfa41800 Uncommon trap: reason=speculate_class_check action=maybe_recompile pc=0x000000010feaea60 method=org.json.JSONObject.writeValue(Ljava/io/Writer;Ljava/lang/Object;II)Ljava/io/Writer; @ 156
Event: 230.954 Thread 0x00007fb7cfa41800 Uncommon trap: reason=unstable_if action=reinterpret pc=0x00000001101dd670 method=sun.misc.FloatingDecimal$BinaryToASCIIBuffer.estimateDecExp(JI)I @ 66
Event: 230.954 Thread 0x00007fb7cfa41800 Uncommon trap: reason=speculate_class_check action=maybe_recompile pc=0x000000010feae774 method=org.json.JSONObject.writeValue(Ljava/io/Writer;Ljava/lang/Object;II)Ljava/io/Writer; @ 247
Event: 230.954 Thread 0x00007fb7cfa41800 Uncommon trap: reason=unstable_if action=reinterpret pc=0x00000001101a8ad0 method=sun.misc.FloatingDecimal.getBinaryToASCIIConverter(DZ)Lsun/misc/FloatingDecimal$BinaryToASCIIConverter; @ 12
Event: 230.954 Thread 0x00007fb7cfa41800 Uncommon trap: reason=unstable_if action=reinterpret pc=0x000000011009d3bc method=sun.misc.FloatingDecimal$BinaryToASCIIBuffer.getChars([C)I @ 33
Event: 230.954 Thread 0x00007fb7cfa41800 Uncommon trap: reason=unstable_if action=reinterpret pc=0x00000001100900a0 method=sun.misc.FloatingDecimal.getBinaryToASCIIConverter(DZ)Lsun/misc/FloatingDecimal$BinaryToASCIIConverter; @ 12
Event: 234.534 Thread 0x00007fb7780c6800 Uncommon trap: reason=speculate_class_check action=maybe_recompile pc=0x000000010ee63024 method=org.json.JSONObject.writeValue(Ljava/io/Writer;Ljava/lang/Object;II)Ljava/io/Writer; @ 177
Event: 234.535 Thread 0x00007fb7780c6800 Uncommon trap: reason=speculate_class_check action=maybe_recompile pc=0x000000010ee63024 method=org.json.JSONObject.writeValue(Ljava/io/Writer;Ljava/lang/Object;II)Ljava/io/Writer; @ 177

Classes redefined (0 events):
No events

Internal exceptions (10 events):
Event: 215.894 Thread 0x00007fb7cfa41800 Exception <a 'java/io/IOException'> (0x0000000718603b98) thrown at [/Users/java_re/workspace/8-2-build-macosx-x86_64/jdk8u231/13620/hotspot/src/share/vm/prims/jni.cpp, line 710]
Event: 231.974 Thread 0x00007fb7780c6800 Exception <a 'java/io/IOException'> (0x0000000718650958) thrown at [/Users/java_re/workspace/8-2-build-macosx-x86_64/jdk8u231/13620/hotspot/src/share/vm/prims/jni.cpp, line 710]
Event: 240.568 Thread 0x00007fb78d8a9800 Exception <a 'java/io/IOException'> (0x0000000715cc42d0) thrown at [/Users/java_re/workspace/8-2-build-macosx-x86_64/jdk8u231/13620/hotspot/src/share/vm/prims/jni.cpp, line 710]
Event: 242.110 Thread 0x00007fb74e2ca000 Exception <a 'java/io/IOException'> (0x0000000718b42618) thrown at [/Users/java_re/workspace/8-2-build-macosx-x86_64/jdk8u231/13620/hotspot/src/share/vm/prims/jni.cpp, line 710]
Event: 242.110 Thread 0x00007fb74e2ca000 Exception <a 'java/io/IOException'> (0x0000000718b434d8) thrown at [/Users/java_re/workspace/8-2-build-macosx-x86_64/jdk8u231/13620/hotspot/src/share/vm/prims/jni.cpp, line 710]
Event: 242.170 Thread 0x00007fb78d8a9800 Exception <a 'java/net/SocketTimeoutException': Read timed out> (0x0000000718eab600) thrown at [/Users/java_re/workspace/8-2-build-macosx-x86_64/jdk8u231/13620/hotspot/src/share/vm/prims/jni.cpp, line 736]
Event: 249.906 Thread 0x00007fb77e036000 Exception <a 'java/net/SocketTimeoutException': Read timed out> (0x000000071868ecc8) thrown at [/Users/java_re/workspace/8-2-build-macosx-x86_64/jdk8u231/13620/hotspot/src/share/vm/prims/jni.cpp, line 736]
Event: 253.077 Thread 0x00007fb74e02f000 Exception <a 'java/net/SocketTimeoutException': Read timed out> (0x0000000718c02948) thrown at [/Users/java_re/workspace/8-2-build-macosx-x86_64/jdk8u231/13620/hotspot/src/share/vm/prims/jni.cpp, line 736]
Event: 259.724 Thread 0x00007fb74e02f000 Exception <a 'java/net/SocketTimeoutException': Read timed out> (0x0000000719318568) thrown at [/Users/java_re/workspace/8-2-build-macosx-x86_64/jdk8u231/13620/hotspot/src/share/vm/prims/jni.cpp, line 736]
Event: 259.750 Thread 0x00007fb74ebda800 Exception <a 'java/net/SocketTimeoutException': Read timed out> (0x0000000718485278) thrown at [/Users/java_re/workspace/8-2-build-macosx-x86_64/jdk8u231/13620/hotspot/src/share/vm/prims/jni.cpp, line 736]

Events (10 events):
Event: 260.126 Executing VM operation: RevokeBias done
Event: 260.127 Executing VM operation: RevokeBias
Event: 260.127 Executing VM operation: RevokeBias done
Event: 260.127 Executing VM operation: RevokeBias
Event: 260.127 Executing VM operation: RevokeBias done
Event: 260.134 Thread 0x00007fb7cf829000 flushing nmethod 0x000000010fc09c10
Event: 266.600 Thread 0x00007fb74ebda800 DEOPT PACKING pc=0x000000010f87e7db sp=0x00007000040e9f20
Event: 266.600 Thread 0x00007fb74ebda800 DEOPT UNPACKING pc=0x000000010ecf5784 sp=0x00007000040e9c28 mode 0
Event: 267.428 Executing VM operation: RevokeBias
Event: 267.429 Executing VM operation: RevokeBias done


Dynamic libraries:
0x00007fff37228000 	/System/Library/Frameworks/Cocoa.framework/Versions/A/Cocoa
0x00007fff44a21000 	/System/Library/Frameworks/Security.framework/Versions/A/Security
0x00007fff3618d000 	/System/Library/Frameworks/ApplicationServices.framework/Versions/A/ApplicationServices
0x00007fff716de000 	/usr/lib/libz.1.dylib
0x00007fff6f1a2000 	/usr/lib/libSystem.B.dylib
0x00007fff71002000 	/usr/lib/libobjc.A.dylib
0x00007fff380ca000 	/System/Library/Frameworks/CoreFoundation.framework/Versions/A/CoreFoundation
0x00007fff3a787000 	/System/Library/Frameworks/Foundation.framework/Versions/C/Foundation
0x00007fff3537d000 	/System/Library/Frameworks/AppKit.framework/Versions/C/AppKit
0x00007fff37bac000 	/System/Library/Frameworks/CoreData.framework/Versions/A/CoreData
0x00007fff691b7000 	/System/Library/PrivateFrameworks/UIFoundation.framework/Versions/A/UIFoundation
0x00007fff6424b000 	/System/Library/PrivateFrameworks/RemoteViewServices.framework/Versions/A/RemoteViewServices
0x00007fff6bd12000 	/System/Library/PrivateFrameworks/XCTTargetBootstrap.framework/Versions/A/XCTTargetBootstrap
0x00007fff37f97000 	/System/Library/Frameworks/CoreDisplay.framework/Versions/A/CoreDisplay
0x00007fff3d642000 	/System/Library/Frameworks/Metal.framework/Versions/A/Metal
0x00007fff52238000 	/System/Library/PrivateFrameworks/DesktopServicesPriv.framework/Versions/A/DesktopServicesPriv
0x00007fff702dd000 	/usr/lib/liblangid.dylib
0x00007fff514cd000 	/System/Library/PrivateFrameworks/CoreSVG.framework/Versions/A/CoreSVG
0x00007fff673a7000 	/System/Library/PrivateFrameworks/SkyLight.framework/Versions/A/SkyLight
0x00007fff3854b000 	/System/Library/Frameworks/CoreGraphics.framework/Versions/A/CoreGraphics
0x00007fff33d51000 	/System/Library/Frameworks/Accelerate.framework/Versions/A/Accelerate
0x00007fff715cf000 	/usr/lib/libxml2.2.dylib
0x00007fff5d1d6000 	/System/Library/PrivateFrameworks/IconServices.framework/Versions/A/IconServices
0x00007fff3af66000 	/System/Library/Frameworks/IOSurface.framework/Versions/A/IOSurface
0x00007fff6eccc000 	/usr/lib/libDiagnosticMessagesClient.dylib
0x00007fff52092000 	/System/Library/PrivateFrameworks/DFRFoundation.framework/Versions/A/DFRFoundation
0x00007fff7006c000 	/usr/lib/libicucore.A.dylib
0x00007fff364bf000 	/System/Library/Frameworks/AudioToolbox.framework/Versions/A/AudioToolbox
0x00007fff365a2000 	/System/Library/Frameworks/AudioUnit.framework/Versions/A/AudioUnit
0x00007fff6f3a4000 	/usr/lib/libauto.dylib
0x00007fff52134000 	/System/Library/PrivateFrameworks/DataDetectorsCore.framework/Versions/A/DataDetectorsCore
0x00007fff36d49000 	/System/Library/Frameworks/Carbon.framework/Versions/A/Frameworks/HIToolbox.framework/Versions/A/HIToolbox
0x00007fff43c1b000 	/System/Library/Frameworks/QuartzCore.framework/Versions/A/QuartzCore
0x00007fff37088000 	/System/Library/Frameworks/Carbon.framework/Versions/A/Frameworks/SpeechRecognition.framework/Versions/A/SpeechRecognition
0x00007fff51ba6000 	/System/Library/PrivateFrameworks/CoreUI.framework/Versions/A/CoreUI
0x00007fff37617000 	/System/Library/Frameworks/CoreAudio.framework/Versions/A/CoreAudio
0x00007fff3a446000 	/System/Library/Frameworks/DiskArbitration.framework/Versions/A/DiskArbitration
0x00007fff5f226000 	/System/Library/PrivateFrameworks/MultitouchSupport.framework/Versions/A/MultitouchSupport
0x00007fff6ff33000 	/usr/lib/libenergytrace.dylib
0x00007fff3aec0000 	/System/Library/Frameworks/IOKit.framework/Versions/A/IOKit
0x00007fff394b2000 	/System/Library/Frameworks/CoreServices.framework/Versions/A/CoreServices
0x00007fff613de000 	/System/Library/PrivateFrameworks/PerformanceAnalysis.framework/Versions/A/PerformanceAnalysis
0x00007fff42c4e000 	/System/Library/Frameworks/OpenGL.framework/Versions/A/OpenGL
0x00007fff37236000 	/System/Library/Frameworks/ColorSync.framework/Versions/A/ColorSync
0x00007fff38bce000 	/System/Library/Frameworks/CoreImage.framework/Versions/A/CoreImage
0x00007fff39f25000 	/System/Library/Frameworks/CoreText.framework/Versions/A/CoreText
0x00007fff3aff6000 	/System/Library/Frameworks/ImageIO.framework/Versions/A/ImageIO
0x00007fff6f488000 	/usr/lib/libc++.1.dylib
0x00007fff6f504000 	/usr/lib/libcompression.dylib
0x00007fff6f010000 	/usr/lib/libMobileGestalt.dylib
0x00007fff68f21000 	/System/Library/PrivateFrameworks/TextureIO.framework/Versions/A/TextureIO
0x00007fff6f307000 	/usr/lib/libate.dylib
0x00007fff5d3df000 	/System/Library/PrivateFrameworks/InternationalSupport.framework/Versions/A/InternationalSupport
0x00007fff71f9f000 	/usr/lib/system/libcache.dylib
0x00007fff71fa5000 	/usr/lib/system/libcommonCrypto.dylib
0x00007fff71fb1000 	/usr/lib/system/libcompiler_rt.dylib
0x00007fff71fb9000 	/usr/lib/system/libcopyfile.dylib
0x00007fff71fc3000 	/usr/lib/system/libcorecrypto.dylib
0x00007fff72162000 	/usr/lib/system/libdispatch.dylib
0x00007fff721a3000 	/usr/lib/system/libdyld.dylib
0x00007fff721da000 	/usr/lib/system/libkeymgr.dylib
0x00007fff721e8000 	/usr/lib/system/liblaunch.dylib
0x00007fff721e9000 	/usr/lib/system/libmacho.dylib
0x00007fff721ef000 	/usr/lib/system/libquarantine.dylib
0x00007fff721f2000 	/usr/lib/system/libremovefile.dylib
0x00007fff721f4000 	/usr/lib/system/libsystem_asl.dylib
0x00007fff7220c000 	/usr/lib/system/libsystem_blocks.dylib
0x00007fff7220d000 	/usr/lib/system/libsystem_c.dylib
0x00007fff72295000 	/usr/lib/system/libsystem_configuration.dylib
0x00007fff72299000 	/usr/lib/system/libsystem_coreservices.dylib
0x00007fff7229d000 	/usr/lib/system/libsystem_darwin.dylib
0x00007fff722a6000 	/usr/lib/system/libsystem_dnssd.dylib
0x00007fff722ae000 	/usr/lib/system/libsystem_featureflags.dylib
0x00007fff722b0000 	/usr/lib/system/libsystem_info.dylib
0x00007fff7232b000 	/usr/lib/system/libsystem_m.dylib
0x00007fff72373000 	/usr/lib/system/libsystem_malloc.dylib
0x00007fff7239b000 	/usr/lib/system/libsystem_networkextension.dylib
0x00007fff723a9000 	/usr/lib/system/libsystem_notify.dylib
0x00007fff723c7000 	/usr/lib/system/libsystem_sandbox.dylib
0x00007fff723cc000 	/usr/lib/system/libsystem_secinit.dylib
0x00007fff722fe000 	/usr/lib/system/libsystem_kernel.dylib
0x00007fff723b3000 	/usr/lib/system/libsystem_platform.dylib
0x00007fff723bc000 	/usr/lib/system/libsystem_pthread.dylib
0x00007fff723cf000 	/usr/lib/system/libsystem_symptoms.dylib
0x00007fff723d7000 	/usr/lib/system/libsystem_trace.dylib
0x00007fff723ef000 	/usr/lib/system/libunwind.dylib
0x00007fff723f5000 	/usr/lib/system/libxpc.dylib
0x00007fff6f4db000 	/usr/lib/libc++abi.dylib
0x00007fff702df000 	/usr/lib/liblzma.5.dylib
0x00007fff6ff5a000 	/usr/lib/libfakelink.dylib
0x00007fff6f294000 	/usr/lib/libarchive.2.dylib
0x00007fff45ad2000 	/System/Library/Frameworks/SystemConfiguration.framework/Versions/A/SystemConfiguration
0x00007fff6ebff000 	/usr/lib/libCRFSuite.dylib
0x00007fff36939000 	/System/Library/Frameworks/CFNetwork.framework/Versions/A/CFNetwork
0x00007fff6f46a000 	/usr/lib/libbsm.0.dylib
0x00007fff721db000 	/usr/lib/system/libkxld.dylib
0x00007fff4ba0f000 	/System/Library/PrivateFrameworks/AppleFSCompression.framework/Versions/A/AppleFSCompression
0x00007fff6f7f5000 	/usr/lib/libcoretls.dylib
0x00007fff6f80c000 	/usr/lib/libcoretls_cfhelpers.dylib
0x00007fff71048000 	/usr/lib/libpam.2.dylib
0x00007fff7117d000 	/usr/lib/libsqlite3.dylib
0x00007fff715bc000 	/usr/lib/libxar.1.dylib
0x00007fff6f47b000 	/usr/lib/libbz2.1.0.dylib
0x00007fff6ff7b000 	/usr/lib/libiconv.2.dylib
0x00007fff6f4f1000 	/usr/lib/libcharset.1.dylib
0x00007fff70ae5000 	/usr/lib/libnetwork.dylib
0x00007fff7104f000 	/usr/lib/libpcap.A.dylib
0x00007fff6f249000 	/usr/lib/libapple_nghttp2.dylib
0x00007fff39869000 	/System/Library/Frameworks/CoreServices.framework/Versions/A/Frameworks/FSEvents.framework/Versions/A/FSEvents
0x00007fff39539000 	/System/Library/Frameworks/CoreServices.framework/Versions/A/Frameworks/CarbonCore.framework/Versions/A/CarbonCore
0x00007fff39aad000 	/System/Library/Frameworks/CoreServices.framework/Versions/A/Frameworks/Metadata.framework/Versions/A/Metadata
0x00007fff39b46000 	/System/Library/Frameworks/CoreServices.framework/Versions/A/Frameworks/OSServices.framework/Versions/A/OSServices
0x00007fff39b74000 	/System/Library/Frameworks/CoreServices.framework/Versions/A/Frameworks/SearchKit.framework/Versions/A/SearchKit
0x00007fff394b3000 	/System/Library/Frameworks/CoreServices.framework/Versions/A/Frameworks/AE.framework/Versions/A/AE
0x00007fff39872000 	/System/Library/Frameworks/CoreServices.framework/Versions/A/Frameworks/LaunchServices.framework/Versions/A/LaunchServices
0x00007fff3981b000 	/System/Library/Frameworks/CoreServices.framework/Versions/A/Frameworks/DictionaryServices.framework/Versions/A/DictionaryServices
0x00007fff39bdc000 	/System/Library/Frameworks/CoreServices.framework/Versions/A/Frameworks/SharedFileList.framework/Versions/A/SharedFileList
0x00007fff3ea6d000 	/System/Library/Frameworks/NetFS.framework/Versions/A/NetFS
0x00007fff5f756000 	/System/Library/PrivateFrameworks/NetAuth.framework/Versions/A/NetAuth
0x00007fff6c0df000 	/System/Library/PrivateFrameworks/login.framework/Versions/A/Frameworks/loginsupport.framework/Versions/A/loginsupport
0x00007fff689ec000 	/System/Library/PrivateFrameworks/TCC.framework/Versions/A/TCC
0x00007fff50640000 	/System/Library/PrivateFrameworks/CoreNLP.framework/Versions/A/CoreNLP
0x00007fff5ec53000 	/System/Library/PrivateFrameworks/MetadataUtilities.framework/Versions/A/MetadataUtilities
0x00007fff703b7000 	/usr/lib/libmecabra.dylib
0x00007fff7030f000 	/usr/lib/libmecab.dylib
0x00007fff6ff6b000 	/usr/lib/libgermantok.dylib
0x00007fff6f230000 	/usr/lib/libThaiTokenizer.dylib
0x00007fff6ec36000 	/usr/lib/libChineseTokenizer.dylib
0x00007fff33d69000 	/System/Library/Frameworks/Accelerate.framework/Versions/A/Frameworks/vImage.framework/Versions/A/vImage
0x00007fff351d3000 	/System/Library/Frameworks/Accelerate.framework/Versions/A/Frameworks/vecLib.framework/Versions/A/vecLib
0x00007fff35110000 	/System/Library/Frameworks/Accelerate.framework/Versions/A/Frameworks/vecLib.framework/Versions/A/libvMisc.dylib
0x00007fff34f38000 	/System/Library/Frameworks/Accelerate.framework/Versions/A/Frameworks/vecLib.framework/Versions/A/libvDSP.dylib
0x00007fff343c0000 	/System/Library/Frameworks/Accelerate.framework/Versions/A/Frameworks/vecLib.framework/Versions/A/libBLAS.dylib
0x00007fff34afc000 	/System/Library/Frameworks/Accelerate.framework/Versions/A/Frameworks/vecLib.framework/Versions/A/libLAPACK.dylib
0x00007fff34e98000 	/System/Library/Frameworks/Accelerate.framework/Versions/A/Frameworks/vecLib.framework/Versions/A/libLinearAlgebra.dylib
0x00007fff34f25000 	/System/Library/Frameworks/Accelerate.framework/Versions/A/Frameworks/vecLib.framework/Versions/A/libSparseBLAS.dylib
0x00007fff34eae000 	/System/Library/Frameworks/Accelerate.framework/Versions/A/Frameworks/vecLib.framework/Versions/A/libQuadrature.dylib
0x00007fff34628000 	/System/Library/Frameworks/Accelerate.framework/Versions/A/Frameworks/vecLib.framework/Versions/A/libBNNS.dylib
0x00007fff34eb4000 	/System/Library/Frameworks/Accelerate.framework/Versions/A/Frameworks/vecLib.framework/Versions/A/libSparse.dylib
0x00007fff5d7c7000 	/System/Library/PrivateFrameworks/LanguageModeling.framework/Versions/A/LanguageModeling
0x00007fff4fff0000 	/System/Library/PrivateFrameworks/CoreEmoji.framework/Versions/A/CoreEmoji
0x00007fff5d8e5000 	/System/Library/PrivateFrameworks/LinguisticData.framework/Versions/A/LinguisticData
0x00007fff5d896000 	/System/Library/PrivateFrameworks/Lexicon.framework/Versions/A/Lexicon
0x00007fff6f4f2000 	/usr/lib/libcmph.dylib
0x00007fff4165c000 	/System/Library/Frameworks/OpenDirectory.framework/Versions/A/Frameworks/CFOpenDirectory.framework/Versions/A/CFOpenDirectory
0x00007fff41679000 	/System/Library/Frameworks/OpenDirectory.framework/Versions/A/OpenDirectory
0x00007fff49abc000 	/System/Library/PrivateFrameworks/APFS.framework/Versions/A/APFS
0x00007fff44d6b000 	/System/Library/Frameworks/SecurityFoundation.framework/Versions/A/SecurityFoundation
0x00007fff715b8000 	/usr/lib/libutil.dylib
0x00007fff51525000 	/System/Library/PrivateFrameworks/CoreServicesStore.framework/Versions/A/CoreServicesStore
0x00007fff44e22000 	/System/Library/Frameworks/ServiceManagement.framework/Versions/A/ServiceManagement
0x00007fff4d1df000 	/System/Library/PrivateFrameworks/BackgroundTaskManagement.framework/Versions/A/BackgroundTaskManagement
0x00007fff716b5000 	/usr/lib/libxslt.1.dylib
0x00007fff4c082000 	/System/Library/PrivateFrameworks/AppleSystemInfo.framework/Versions/A/AppleSystemInfo
0x00007fff3b211000 	/System/Library/Frameworks/ImageIO.framework/Versions/A/Resources/libJPEG.dylib
0x00007fff3b4d0000 	/System/Library/Frameworks/ImageIO.framework/Versions/A/Resources/libTIFF.dylib
0x00007fff3b4b3000 	/System/Library/Frameworks/ImageIO.framework/Versions/A/Resources/libPng.dylib
0x00007fff3b153000 	/System/Library/Frameworks/ImageIO.framework/Versions/A/Resources/libGIF.dylib
0x00007fff3b157000 	/System/Library/Frameworks/ImageIO.framework/Versions/A/Resources/libJP2.dylib
0x00007fff3b4ce000 	/System/Library/Frameworks/ImageIO.framework/Versions/A/Resources/libRadiance.dylib
0x00007fff6ff34000 	/usr/lib/libexpat.1.dylib
0x00007fff4bb6a000 	/System/Library/PrivateFrameworks/AppleJPEG.framework/Versions/A/AppleJPEG
0x00007fff5483b000 	/System/Library/PrivateFrameworks/FontServices.framework/libFontParser.dylib
0x00007fff6b0e1000 	/System/Library/PrivateFrameworks/WatchdogClient.framework/Versions/A/WatchdogClient
0x00007fff5ce22000 	/System/Library/PrivateFrameworks/IOAccelerator.framework/Versions/A/IOAccelerator
0x00007fff3d9dd000 	/System/Library/Frameworks/MetalPerformanceShaders.framework/Versions/A/MetalPerformanceShaders
0x00007fff595b8000 	/System/Library/PrivateFrameworks/GPUWrangler.framework/Versions/A/GPUWrangler
0x00007fff5ce37000 	/System/Library/PrivateFrameworks/IOPresentment.framework/Versions/A/IOPresentment
0x00007fff520a5000 	/System/Library/PrivateFrameworks/DSExternalDisplay.framework/Versions/A/DSExternalDisplay
0x00007fff41fed000 	/System/Library/Frameworks/OpenGL.framework/Versions/A/Libraries/libCoreFSCache.dylib
0x00007fff3d729000 	/System/Library/Frameworks/MetalPerformanceShaders.framework/Frameworks/MPSCore.framework/Versions/A/MPSCore
0x00007fff3d767000 	/System/Library/Frameworks/MetalPerformanceShaders.framework/Frameworks/MPSImage.framework/Versions/A/MPSImage
0x00007fff3d82e000 	/System/Library/Frameworks/MetalPerformanceShaders.framework/Frameworks/MPSNeuralNetwork.framework/Versions/A/MPSNeuralNetwork
0x00007fff3d7f2000 	/System/Library/Frameworks/MetalPerformanceShaders.framework/Frameworks/MPSMatrix.framework/Versions/A/MPSMatrix
0x00007fff3d98d000 	/System/Library/Frameworks/MetalPerformanceShaders.framework/Frameworks/MPSRayIntersector.framework/Versions/A/MPSRayIntersector
0x00007fff3d818000 	/System/Library/Frameworks/MetalPerformanceShaders.framework/Frameworks/MPSNDArray.framework/Versions/A/MPSNDArray
0x00007fff5eca0000 	/System/Library/PrivateFrameworks/MetalTools.framework/Versions/A/MetalTools
0x00007fff4ac96000 	/System/Library/PrivateFrameworks/AggregateDictionary.framework/Versions/A/AggregateDictionary
0x00007fff4fa38000 	/System/Library/PrivateFrameworks/CoreAnalytics.framework/Versions/A/CoreAnalytics
0x00007fff4bfa1000 	/System/Library/PrivateFrameworks/AppleSauce.framework/Versions/A/AppleSauce
0x00007fff6eef2000 	/usr/lib/libIOReport.dylib
0x00007fff3a0dd000 	/System/Library/Frameworks/CoreVideo.framework/Versions/A/CoreVideo
0x00007fff5aa31000 	/System/Library/PrivateFrameworks/GraphVisualizer.framework/Versions/A/GraphVisualizer
0x00007fff53d81000 	/System/Library/PrivateFrameworks/FaceCore.framework/Versions/A/FaceCore
0x00007fff41603000 	/System/Library/Frameworks/OpenCL.framework/Versions/A/OpenCL
0x00007fff6ed14000 	/usr/lib/libFosl_dynamic.dylib
0x00007fff60176000 	/System/Library/PrivateFrameworks/OTSVG.framework/Versions/A/OTSVG
0x00007fff36292000 	/System/Library/Frameworks/ApplicationServices.framework/Versions/A/Frameworks/ATS.framework/Versions/A/Resources/libFontRegistry.dylib
0x00007fff54a0c000 	/System/Library/PrivateFrameworks/FontServices.framework/libhvf.dylib
0x00007fff41ff8000 	/System/Library/Frameworks/OpenGL.framework/Versions/A/Libraries/libGFXShared.dylib
0x00007fff421d6000 	/System/Library/Frameworks/OpenGL.framework/Versions/A/Libraries/libGLU.dylib
0x00007fff42001000 	/System/Library/Frameworks/OpenGL.framework/Versions/A/Libraries/libGL.dylib
0x00007fff4200c000 	/System/Library/Frameworks/OpenGL.framework/Versions/A/Libraries/libGLImage.dylib
0x00007fff41fea000 	/System/Library/Frameworks/OpenGL.framework/Versions/A/Libraries/libCVMSPluginSupport.dylib
0x00007fff41ff3000 	/System/Library/Frameworks/OpenGL.framework/Versions/A/Libraries/libCoreVMClient.dylib
0x00007fff70986000 	/usr/lib/libncurses.5.4.dylib
0x00007fff3618e000 	/System/Library/Frameworks/ApplicationServices.framework/Versions/A/Frameworks/ATS.framework/Versions/A/ATS
0x00007fff3635b000 	/System/Library/Frameworks/ApplicationServices.framework/Versions/A/Frameworks/ColorSyncLegacy.framework/Versions/A/ColorSyncLegacy
0x00007fff363f9000 	/System/Library/Frameworks/ApplicationServices.framework/Versions/A/Frameworks/HIServices.framework/Versions/A/HIServices
0x00007fff36451000 	/System/Library/Frameworks/ApplicationServices.framework/Versions/A/Frameworks/LangAnalysis.framework/Versions/A/LangAnalysis
0x00007fff36460000 	/System/Library/Frameworks/ApplicationServices.framework/Versions/A/Frameworks/PrintCore.framework/Versions/A/PrintCore
0x00007fff364a6000 	/System/Library/Frameworks/ApplicationServices.framework/Versions/A/Frameworks/QD.framework/Versions/A/QD
0x00007fff364b1000 	/System/Library/Frameworks/ApplicationServices.framework/Versions/A/Frameworks/SpeechSynthesis.framework/Versions/A/SpeechSynthesis
0x00007fff3632b000 	/System/Library/Frameworks/ApplicationServices.framework/Versions/A/Frameworks/ATSUI.framework/Versions/A/ATSUI
0x00007fff6fdca000 	/usr/lib/libcups.2.dylib
0x00007fff3ca78000 	/System/Library/Frameworks/Kerberos.framework/Versions/A/Kerberos
0x00007fff3abb9000 	/System/Library/Frameworks/GSS.framework/Versions/A/GSS
0x00007fff71109000 	/usr/lib/libresolv.9.dylib
0x00007fff5abde000 	/System/Library/PrivateFrameworks/Heimdal.framework/Versions/A/Heimdal
0x00007fff3ca8b000 	/System/Library/Frameworks/Kerberos.framework/Versions/A/Libraries/libHeimdalProxy.dylib
0x00007fff6ff71000 	/usr/lib/libheimdal-asn1.dylib
0x00007fff4eed0000 	/System/Library/PrivateFrameworks/CommonAuth.framework/Versions/A/CommonAuth
0x00007fff4c11f000 	/System/Library/PrivateFrameworks/AssertionServices.framework/Versions/A/AssertionServices
0x00007fff4ccc2000 	/System/Library/PrivateFrameworks/AudioToolboxCore.framework/Versions/A/AudioToolboxCore
0x00007fff6bd8f000 	/System/Library/PrivateFrameworks/caulk.framework/Versions/A/caulk
0x00007fff4d28b000 	/System/Library/PrivateFrameworks/BaseBoard.framework/Versions/A/BaseBoard
0x00007fff643d9000 	/System/Library/PrivateFrameworks/RunningBoardServices.framework/Versions/A/RunningBoardServices
0x00007fff613ea000 	/System/Library/PrivateFrameworks/PersistentConnection.framework/Versions/A/PersistentConnection
0x00007fff63dd2000 	/System/Library/PrivateFrameworks/ProtocolBuffer.framework/Versions/A/ProtocolBuffer
0x00007fff4eef4000 	/System/Library/PrivateFrameworks/CommonUtilities.framework/Versions/A/CommonUtilities
0x00007fff4d419000 	/System/Library/PrivateFrameworks/Bom.framework/Versions/A/Bom
0x00007fff6ebc5000 	/usr/lib/libAudioToolboxUtility.dylib
0x00007fff4d1e9000 	/System/Library/PrivateFrameworks/Backup.framework/Versions/A/Backup
0x00007fff51fc6000 	/System/Library/PrivateFrameworks/CrashReporterSupport.framework/Versions/A/CrashReporterSupport
0x00007fff65e6b000 	/System/Library/PrivateFrameworks/Sharing.framework/Versions/A/Sharing
0x00007fff4b72d000 	/System/Library/PrivateFrameworks/Apple80211.framework/Versions/A/Apple80211
0x00007fff4cf06000 	/System/Library/PrivateFrameworks/AuthKit.framework/Versions/A/AuthKit
0x00007fff51cd3000 	/System/Library/PrivateFrameworks/CoreUtils.framework/Versions/A/CoreUtils
0x00007fff3a122000 	/System/Library/Frameworks/CoreWLAN.framework/Versions/A/CoreWLAN
0x00007fff3ad46000 	/System/Library/Frameworks/IOBluetooth.framework/Versions/A/IOBluetooth
0x00007fff5efa5000 	/System/Library/PrivateFrameworks/MobileKeyBag.framework/Versions/A/MobileKeyBag
0x00007fff50ad8000 	/System/Library/PrivateFrameworks/CorePhoneNumbers.framework/Versions/A/CorePhoneNumbers
0x00007fff4bb1d000 	/System/Library/PrivateFrameworks/AppleIDAuthSupport.framework/Versions/A/AppleIDAuthSupport
0x00007fff3ea7a000 	/System/Library/Frameworks/Network.framework/Versions/A/Network
0x00007fff5d673000 	/System/Library/PrivateFrameworks/KeychainCircle.framework/Versions/A/KeychainCircle
0x00007fff37b73000 	/System/Library/Frameworks/CoreBluetooth.framework/Versions/A/CoreBluetooth
0x00007fff67eea000 	/System/Library/PrivateFrameworks/SpeechRecognitionCore.framework/Versions/A/SpeechRecognitionCore
0x0000000107400000 	/Library/Java/JavaVirtualMachines/jdk1.8.0_231.jdk/Contents/Home/jre/lib/server/libjvm.dylib
0x00007fff7148b000 	/usr/lib/libstdc++.6.dylib
0x0000000105b22000 	/Library/Java/JavaVirtualMachines/jdk1.8.0_231.jdk/Contents/Home/jre/lib/libverify.dylib
0x0000000105b30000 	/Library/Java/JavaVirtualMachines/jdk1.8.0_231.jdk/Contents/Home/jre/lib/libjava.dylib
0x0000000105b67000 	/Library/Java/JavaVirtualMachines/jdk1.8.0_231.jdk/Contents/Home/jre/lib/libinstrument.dylib
0x0000000105bd3000 	/Library/Java/JavaVirtualMachines/jdk1.8.0_231.jdk/Contents/Home/jre/lib/libzip.dylib
0x000000010d7f8000 	/Library/Java/JavaVirtualMachines/jdk1.8.0_231.jdk/Contents/Home/jre/lib/libnet.dylib
0x000000010d8ea000 	/Library/Java/JavaVirtualMachines/jdk1.8.0_231.jdk/Contents/Home/jre/lib/libnio.dylib
0x000000010d8fa000 	/private/var/folders/ts/z7467b352f7cvm66s9kktrlm0000gn/T/libjansi-1.17.1-3885516884262855009.jnilib
0x000000010e8f5000 	/Library/Java/JavaVirtualMachines/jdk1.8.0_231.jdk/Contents/Home/jre/lib/libmanagement.dylib
0x000000012e50e000 	/Library/Java/JavaVirtualMachines/jdk1.8.0_231.jdk/Contents/Home/jre/lib/libsunec.dylib
0x000000012ef3c000 	/private/var/folders/ts/z7467b352f7cvm66s9kktrlm0000gn/T/sqlite-3.32.3-f5fa9c07-6e60-47ed-9851-f9a9349b14b8-libsqlitejdbc.jnilib
0x00007fff7155d000 	/usr/lib/libusrtcp.dylib

VM Arguments:
jvm_args: -Dmaven.multiModuleProjectDirectory=/Users/richardhernandez/Desktop/fall2020/softwareEng/project-20203b-groupr-20203 -Dmaven.home=/Applications/IntelliJ IDEA.app/Contents/plugins/maven/lib/maven3 -Dclassworlds.conf=/Applications/IntelliJ IDEA.app/Contents/plugins/maven/lib/maven3/bin/m2.conf -Dmaven.ext.class.path=/Applications/IntelliJ IDEA.app/Contents/plugins/maven/lib/maven-event-listener.jar -javaagent:/Applications/IntelliJ IDEA.app/Contents/lib/idea_rt.jar=54471:/Applications/IntelliJ IDEA.app/Contents/bin -Dfile.encoding=UTF-8 
java_command: org.codehaus.classworlds.Launcher -Didea.version=2020.2.3 jetty:run
java_class_path (initial): /Applications/IntelliJ IDEA.app/Contents/plugins/maven/lib/maven3/boot/plexus-classworlds.license:/Applications/IntelliJ IDEA.app/Contents/plugins/maven/lib/maven3/boot/plexus-classworlds-2.6.0.jar:/Applications/IntelliJ IDEA.app/Contents/lib/idea_rt.jar
Launcher Type: SUN_STANDARD

Environment Variables:
PATH=/Library/Frameworks/Python.framework/Versions/3.8/bin:/usr/local/bin:/usr/bin:/bin:/usr/sbin:/sbin:/usr/local/share/dotnet:~/.dotnet/tools:/Library/Apple/usr/bin:/Library/Frameworks/Mono.framework/Versions/Current/Commands
SHELL=/bin/zsh

Signal Handlers:
SIGSEGV: [libjvm.dylib+0x5b7e2b], sa_mask[0]=11111111011111110111111111111111, sa_flags=SA_ONSTACK|SA_RESTART|SA_SIGINFO
SIGBUS: [libjvm.dylib+0x5b7e2b], sa_mask[0]=11111111011111110111111111111111, sa_flags=SA_RESTART|SA_SIGINFO
SIGFPE: [libjvm.dylib+0x48c6ec], sa_mask[0]=11111111011111110111111111111111, sa_flags=SA_RESTART|SA_SIGINFO
SIGPIPE: [libjvm.dylib+0x48c6ec], sa_mask[0]=11111111011111110111111111111111, sa_flags=SA_RESTART|SA_SIGINFO
SIGXFSZ: [libjvm.dylib+0x48c6ec], sa_mask[0]=11111111011111110111111111111111, sa_flags=SA_RESTART|SA_SIGINFO
SIGILL: [libjvm.dylib+0x48c6ec], sa_mask[0]=11111111011111110111111111111111, sa_flags=SA_RESTART|SA_SIGINFO
SIGUSR1: SIG_DFL, sa_mask[0]=00000000000000000000000000000000, sa_flags=none
SIGUSR2: [libjvm.dylib+0x48c20a], sa_mask[0]=00100000000000000000000000000000, sa_flags=SA_RESTART|SA_SIGINFO
SIGHUP: [libjvm.dylib+0x48a795], sa_mask[0]=11111111011111110111111111111111, sa_flags=SA_RESTART|SA_SIGINFO
SIGINT: [libjvm.dylib+0x48a795], sa_mask[0]=11111111011111110111111111111111, sa_flags=SA_RESTART|SA_SIGINFO
SIGTERM: [libjvm.dylib+0x48a795], sa_mask[0]=11111111011111110111111111111111, sa_flags=SA_RESTART|SA_SIGINFO
SIGQUIT: [libjvm.dylib+0x48a795], sa_mask[0]=11111111011111110111111111111111, sa_flags=SA_RESTART|SA_SIGINFO


---------------  S Y S T E M  ---------------

OS:Bsduname:Darwin 19.6.0 Darwin Kernel Version 19.6.0: Thu Oct 29 22:56:45 PDT 2020; root:xnu-6153.141.2.2~1/RELEASE_X86_64 x86_64
rlimit: STACK 8192k, CORE 0k, NPROC 5568, NOFILE 10240, AS infinity
load average:3.47 3.41 3.15

CPU:total 12 (initial active 12) (6 cores per cpu, 2 threads per core) family 6 model 158 stepping 10, cmov, cx8, fxsr, mmx, sse, sse2, sse3, ssse3, sse4.1, sse4.2, popcnt, avx, avx2, aes, clmul, erms, 3dnowpref, lzcnt, ht, tsc, tscinvbit, bmi1, bmi2, adx

Memory: 4k page, physical 33554432k(3800636k free)

/proc/meminfo:


vm_info: Java HotSpot(TM) 64-Bit Server VM (25.231-b11) for bsd-amd64 JRE (1.8.0_231-b11), built on Oct  5 2019 03:15:25 by "java_re" with gcc 4.2.1 (Based on Apple Inc. build 5658) (LLVM build 2336.11.00)

time: Tue Nov 10 20:51:07 2020
timezone: PST
elapsed time: 267 seconds (0d 0h 4m 27s)

